[INFO][2024-06-04 19:27:14][log.py:36] - This is an info message.
[ERROR][2024-06-04 19:27:14][log.py:37] - This is an error message.
[INFO][2024-06-04 19:27:14][app.py:9] - This is an info message.
[INFO][2024-06-04 19:27:15][app.py:9] - This is an info message.
[INFO][2024-06-04 19:27:16][app.py:9] - This is an info message.
[INFO][2024-06-04 19:27:17][app.py:9] - This is an info message.
[INFO][2024-06-04 19:27:18][app.py:9] - This is an info message.
[INFO][2024-06-04 19:27:19][app.py:9] - This is an info message.
[INFO][2024-06-04 19:27:20][app.py:9] - This is an info message.
[INFO][2024-06-04 19:27:21][app.py:9] - This is an info message.
[INFO][2024-06-04 19:27:22][app.py:9] - This is an info message.
[INFO][2024-06-04 19:27:23][app.py:9] - This is an info message.
[INFO][2024-06-04 19:27:24][app.py:9] - This is an info message.
[INFO][2024-06-04 19:27:25][app.py:9] - This is an info message.
[INFO][2024-06-04 19:27:26][app.py:9] - This is an info message.
[INFO][2024-06-04 19:27:27][app.py:9] - This is an info message.
[[1mINFO[0m][2024-06-04 19:34:22][log.py:40] - This is an info message.
[[31m[1mERROR[0m][2024-06-04 19:34:22][log.py:41] - This is an error message.
[[1mINFO[0m][2024-06-04 19:34:22][app.py:9] - This is an info message.
[[1mINFO[0m][2024-06-04 19:34:23][app.py:9] - This is an info message.
[[1mINFO[0m][2024-06-04 19:34:24][app.py:9] - This is an info message.
[[1mINFO[0m][2024-06-04 19:34:25][app.py:9] - This is an info message.
[[1mINFO[0m][2024-06-04 19:34:26][app.py:9] - This is an info message.
[[1mINFO[0m][2024-06-04 19:34:27][app.py:9] - This is an info message.
[[1mINFO[0m][2024-06-04 19:34:28][app.py:9] - This is an info message.
[[1mINFO[0m][2024-06-04 19:34:29][app.py:9] - This is an info message.
[[1mINFO[0m][2024-06-04 19:34:30][app.py:9] - This is an info message.
[[1mINFO[0m][2024-06-04 19:34:31][app.py:9] - This is an info message.
[[1mINFO[0m][2024-06-04 19:34:32][app.py:9] - This is an info message.
[[1mINFO[0m][2024-06-04 19:34:33][app.py:9] - This is an info message.
[[1mINFO[0m][2024-06-04 19:34:34][app.py:9] - This is an info message.
[[1mINFO[0m][2024-06-04 19:34:35][app.py:9] - This is an info message.
[[1mINFO[0m][2024-06-04 19:34:36][app.py:9] - This is an info message.
[[1mINFO[0m][2024-06-04 19:34:37][app.py:9] - This is an info message.
[[1mINFO[0m][[32m2024-06-04 19:35:24[0m][log.py:40] - This is an info message.
[[31m[1mERROR[0m][[32m2024-06-04 19:35:24[0m][log.py:41] - This is an error message.
[[1mINFO[0m][[32m2024-06-04 19:35:24[0m][app.py:9] - This is an info message.
[[1mINFO[0m][[32m2024-06-04 19:35:25[0m][app.py:9] - This is an info message.
[[1mINFO[0m][[32m2024-06-04 19:35:26[0m][app.py:9] - This is an info message.
[[1mINFO[0m][[32m2024-06-04 19:35:27[0m][app.py:9] - This is an info message.
[INFO][2024-06-04 19:36:30][log.py:40] - This is an info message.
[ERROR][2024-06-04 19:36:30][log.py:41] - This is an error message.
[INFO][2024-06-04 19:36:30][app.py:9] - This is an info message.
[INFO][2024-06-04 19:36:31][app.py:9] - This is an info message.
[INFO][2024-06-04 19:36:32][app.py:9] - This is an info message.
[INFO][2024-07-18 19:00:34][log.py:40] - This is an info message.
[ERROR][2024-07-18 19:00:34][log.py:41] - This is an error message.
[INFO][2024-07-18 19:00:34][app.py:9] - This is an info message.
[INFO][2024-07-18 19:00:35][app.py:9] - This is an info message.
[INFO][2024-07-18 19:00:36][app.py:9] - This is an info message.
[INFO][2024-07-18 19:00:37][app.py:9] - This is an info message.
[INFO][2024-07-18 19:00:38][app.py:9] - This is an info message.
[INFO][2024-07-18 19:00:39][app.py:9] - This is an info message.
[INFO][2024-07-18 19:00:40][app.py:9] - This is an info message.
[INFO][2024-07-18 19:00:41][app.py:9] - This is an info message.
[INFO][2024-07-18 19:00:49][log.py:40] - This is an info message.
[ERROR][2024-07-18 19:00:49][log.py:41] - This is an error message.
[INFO][2024-07-18 19:00:49][app.py:9] - This is an info message.
[INFO][2024-07-18 19:00:50][app.py:9] - This is an info message.
[INFO][2024-07-18 19:00:51][app.py:9] - This is an info message.
[INFO][2024-07-18 19:00:52][app.py:9] - This is an info message.
[INFO][2024-07-18 19:00:53][app.py:9] - This is an info message.
[INFO][2024-07-18 19:00:54][app.py:9] - This is an info message.
[INFO][2024-07-18 19:00:55][app.py:9] - This is an info message.
[INFO][2024-07-18 19:00:56][app.py:9] - This is an info message.
[INFO][2024-07-18 19:00:57][app.py:9] - This is an info message.
[INFO][2024-07-18 19:00:58][app.py:9] - This is an info message.
[INFO][2024-07-18 19:00:59][app.py:9] - This is an info message.
[INFO][2024-07-18 19:01:00][app.py:9] - This is an info message.
